D:\GITHUB\NEXT_CPP_LEARNING\CPP_LEARNING\EXAM\DEBUG\EXAM.PCH
D:\GITHUB\NEXT_CPP_LEARNING\CPP_LEARNING\EXAM\DEBUG\STDAFX.OBJ
D:\GITHUB\NEXT_CPP_LEARNING\CPP_LEARNING\EXAM\DEBUG\VC110.PDB
D:\GITHUB\NEXT_CPP_LEARNING\CPP_LEARNING\EXAM\DEBUG\EXAM.OBJ
D:\GitHub\NEXT_CPP_Learning\CPP_Learning\Exam\Debug\Exam.obj
D:\GitHub\NEXT_CPP_Learning\CPP_Learning\Exam\Debug\stdafx.obj
D:\GitHub\NEXT_CPP_Learning\CPP_Learning\Exam\Debug\cl.command.1.tlog
D:\GitHub\NEXT_CPP_Learning\CPP_Learning\Exam\Debug\CL.read.1.tlog
D:\GitHub\NEXT_CPP_Learning\CPP_Learning\Exam\Debug\CL.write.1.tlog
D:\GitHub\NEXT_CPP_Learning\CPP_Learning\Exam\Debug\link-cvtres.read.1.tlog
D:\GitHub\NEXT_CPP_Learning\CPP_Learning\Exam\Debug\link-cvtres.write.1.tlog
D:\GitHub\NEXT_CPP_Learning\CPP_Learning\Exam\Debug\link-rc.read.1.tlog
D:\GitHub\NEXT_CPP_Learning\CPP_Learning\Exam\Debug\link-rc.write.1.tlog
D:\GitHub\NEXT_CPP_Learning\CPP_Learning\Exam\Debug\link.command.1.tlog
D:\GitHub\NEXT_CPP_Learning\CPP_Learning\Exam\Debug\link.read.1.tlog
D:\GitHub\NEXT_CPP_Learning\CPP_Learning\Exam\Debug\link.write.1.tlog
D:\GitHub\NEXT_CPP_Learning\CPP_Learning\Exam\Debug\Exam.pch
D:\GitHub\NEXT_CPP_Learning\CPP_Learning\Exam\Debug\vc110.idb
D:\GitHub\NEXT_CPP_Learning\CPP_Learning\Exam\Debug\vc110.pdb
D:\GitHub\NEXT_CPP_Learning\CPP_Learning\Debug\Exam.pdb
